<?xml version="1.0" encoding="UTF-8"?>
<testsuite xmlns:xsi="http://www.w3.org/2001/XMLSchema-instance" xsi:noNamespaceSchemaLocation="https://maven.apache.org/surefire/maven-surefire-plugin/xsd/surefire-test-report.xsd" version="3.0.1" name="com.kintone.email.AppTest" time="0.113" tests="1" errors="0" skipped="0" failures="0">
  <properties>
    <property name="java.specification.version" value="22"/>
    <property name="sun.cpu.isalist" value="amd64"/>
    <property name="sun.jnu.encoding" value="Cp1252"/>
    <property name="java.class.path" value="C:\Users\Arjun\Desktop\Kiran\email-processor\target\test-classes;C:\Users\Arjun\Desktop\Kiran\email-processor\target\classes;C:\Users\Arjun\.m2\repository\software\amazon\awssdk\s3\2.25.0\s3-2.25.0.jar;C:\Users\Arjun\.m2\repository\software\amazon\awssdk\aws-xml-protocol\2.25.0\aws-xml-protocol-2.25.0.jar;C:\Users\Arjun\.m2\repository\software\amazon\awssdk\aws-query-protocol\2.25.0\aws-query-protocol-2.25.0.jar;C:\Users\Arjun\.m2\repository\software\amazon\awssdk\protocol-core\2.25.0\protocol-core-2.25.0.jar;C:\Users\Arjun\.m2\repository\software\amazon\awssdk\arns\2.25.0\arns-2.25.0.jar;C:\Users\Arjun\.m2\repository\software\amazon\awssdk\profiles\2.25.0\profiles-2.25.0.jar;C:\Users\Arjun\.m2\repository\software\amazon\awssdk\crt-core\2.25.0\crt-core-2.25.0.jar;C:\Users\Arjun\.m2\repository\software\amazon\awssdk\http-auth\2.25.0\http-auth-2.25.0.jar;C:\Users\Arjun\.m2\repository\software\amazon\awssdk\identity-spi\2.25.0\identity-spi-2.25.0.jar;C:\Users\Arjun\.m2\repository\software\amazon\awssdk\http-auth-spi\2.25.0\http-auth-spi-2.25.0.jar;C:\Users\Arjun\.m2\repository\org\reactivestreams\reactive-streams\1.0.4\reactive-streams-1.0.4.jar;C:\Users\Arjun\.m2\repository\software\amazon\awssdk\http-auth-aws\2.25.0\http-auth-aws-2.25.0.jar;C:\Users\Arjun\.m2\repository\software\amazon\awssdk\checksums\2.25.0\checksums-2.25.0.jar;C:\Users\Arjun\.m2\repository\software\amazon\awssdk\checksums-spi\2.25.0\checksums-spi-2.25.0.jar;C:\Users\Arjun\.m2\repository\software\amazon\awssdk\sdk-core\2.25.0\sdk-core-2.25.0.jar;C:\Users\Arjun\.m2\repository\software\amazon\awssdk\auth\2.25.0\auth-2.25.0.jar;C:\Users\Arjun\.m2\repository\software\amazon\eventstream\eventstream\1.0.1\eventstream-1.0.1.jar;C:\Users\Arjun\.m2\repository\software\amazon\awssdk\http-client-spi\2.25.0\http-client-spi-2.25.0.jar;C:\Users\Arjun\.m2\repository\software\amazon\awssdk\regions\2.25.0\regions-2.25.0.jar;C:\Users\Arjun\.m2\repository\software\amazon\awssdk\annotations\2.25.0\annotations-2.25.0.jar;C:\Users\Arjun\.m2\repository\software\amazon\awssdk\utils\2.25.0\utils-2.25.0.jar;C:\Users\Arjun\.m2\repository\software\amazon\awssdk\aws-core\2.25.0\aws-core-2.25.0.jar;C:\Users\Arjun\.m2\repository\software\amazon\awssdk\metrics-spi\2.25.0\metrics-spi-2.25.0.jar;C:\Users\Arjun\.m2\repository\software\amazon\awssdk\json-utils\2.25.0\json-utils-2.25.0.jar;C:\Users\Arjun\.m2\repository\software\amazon\awssdk\third-party-jackson-core\2.25.0\third-party-jackson-core-2.25.0.jar;C:\Users\Arjun\.m2\repository\software\amazon\awssdk\endpoints-spi\2.25.0\endpoints-spi-2.25.0.jar;C:\Users\Arjun\.m2\repository\software\amazon\awssdk\apache-client\2.25.0\apache-client-2.25.0.jar;C:\Users\Arjun\.m2\repository\org\apache\httpcomponents\httpclient\4.5.13\httpclient-4.5.13.jar;C:\Users\Arjun\.m2\repository\commons-logging\commons-logging\1.2\commons-logging-1.2.jar;C:\Users\Arjun\.m2\repository\org\apache\httpcomponents\httpcore\4.4.13\httpcore-4.4.13.jar;C:\Users\Arjun\.m2\repository\commons-codec\commons-codec\1.15\commons-codec-1.15.jar;C:\Users\Arjun\.m2\repository\software\amazon\awssdk\netty-nio-client\2.25.0\netty-nio-client-2.25.0.jar;C:\Users\Arjun\.m2\repository\io\netty\netty-codec-http\4.1.107.Final\netty-codec-http-4.1.107.Final.jar;C:\Users\Arjun\.m2\repository\io\netty\netty-codec-http2\4.1.107.Final\netty-codec-http2-4.1.107.Final.jar;C:\Users\Arjun\.m2\repository\io\netty\netty-codec\4.1.107.Final\netty-codec-4.1.107.Final.jar;C:\Users\Arjun\.m2\repository\io\netty\netty-transport\4.1.107.Final\netty-transport-4.1.107.Final.jar;C:\Users\Arjun\.m2\repository\io\netty\netty-common\4.1.107.Final\netty-common-4.1.107.Final.jar;C:\Users\Arjun\.m2\repository\io\netty\netty-buffer\4.1.107.Final\netty-buffer-4.1.107.Final.jar;C:\Users\Arjun\.m2\repository\io\netty\netty-handler\4.1.107.Final\netty-handler-4.1.107.Final.jar;C:\Users\Arjun\.m2\repository\io\netty\netty-transport-native-unix-common\4.1.107.Final\netty-transport-native-unix-common-4.1.107.Final.jar;C:\Users\Arjun\.m2\repository\io\netty\netty-transport-classes-epoll\4.1.107.Final\netty-transport-classes-epoll-4.1.107.Final.jar;C:\Users\Arjun\.m2\repository\io\netty\netty-resolver\4.1.107.Final\netty-resolver-4.1.107.Final.jar;C:\Users\Arjun\.m2\repository\com\sun\mail\jakarta.mail\2.0.1\jakarta.mail-2.0.1.jar;C:\Users\Arjun\.m2\repository\com\sun\activation\jakarta.activation\2.0.1\jakarta.activation-2.0.1.jar;C:\Users\Arjun\.m2\repository\org\apache\httpcomponents\client5\httpclient5\5.3.1\httpclient5-5.3.1.jar;C:\Users\Arjun\.m2\repository\org\apache\httpcomponents\core5\httpcore5\5.2.4\httpcore5-5.2.4.jar;C:\Users\Arjun\.m2\repository\org\apache\httpcomponents\core5\httpcore5-h2\5.2.4\httpcore5-h2-5.2.4.jar;C:\Users\Arjun\.m2\repository\com\fasterxml\jackson\core\jackson-databind\2.16.1\jackson-databind-2.16.1.jar;C:\Users\Arjun\.m2\repository\com\fasterxml\jackson\core\jackson-annotations\2.16.1\jackson-annotations-2.16.1.jar;C:\Users\Arjun\.m2\repository\com\fasterxml\jackson\core\jackson-core\2.16.1\jackson-core-2.16.1.jar;C:\Users\Arjun\.m2\repository\org\slf4j\slf4j-api\2.0.12\slf4j-api-2.0.12.jar;C:\Users\Arjun\.m2\repository\ch\qos\logback\logback-classic\1.4.14\logback-classic-1.4.14.jar;C:\Users\Arjun\.m2\repository\ch\qos\logback\logback-core\1.4.14\logback-core-1.4.14.jar;C:\Users\Arjun\.m2\repository\org\junit\jupiter\junit-jupiter-api\5.11.0\junit-jupiter-api-5.11.0.jar;C:\Users\Arjun\.m2\repository\org\opentest4j\opentest4j\1.3.0\opentest4j-1.3.0.jar;C:\Users\Arjun\.m2\repository\org\junit\platform\junit-platform-commons\1.11.0\junit-platform-commons-1.11.0.jar;C:\Users\Arjun\.m2\repository\org\apiguardian\apiguardian-api\1.1.2\apiguardian-api-1.1.2.jar;C:\Users\Arjun\.m2\repository\org\junit\jupiter\junit-jupiter-params\5.11.0\junit-jupiter-params-5.11.0.jar;C:\Users\Arjun\.m2\repository\org\junit\jupiter\junit-jupiter-engine\5.11.0\junit-jupiter-engine-5.11.0.jar;C:\Users\Arjun\.m2\repository\org\junit\platform\junit-platform-engine\1.11.0\junit-platform-engine-1.11.0.jar;C:\Users\Arjun\.m2\repository\com\amazonaws\aws-lambda-java-core\1.2.3\aws-lambda-java-core-1.2.3.jar;C:\Users\Arjun\.m2\repository\com\amazonaws\aws-lambda-java-events\3.11.3\aws-lambda-java-events-3.11.3.jar;C:\Users\Arjun\.m2\repository\joda-time\joda-time\2.10.8\joda-time-2.10.8.jar;C:\Users\Arjun\.m2\repository\org\json\json\20240303\json-20240303.jar;"/>
    <property name="java.vm.vendor" value="Oracle Corporation"/>
    <property name="sun.arch.data.model" value="64"/>
    <property name="user.variant" value=""/>
    <property name="java.vendor.url" value="https://java.oracle.com/"/>
    <property name="user.timezone" value="Asia/Calcutta"/>
    <property name="os.name" value="Windows 11"/>
    <property name="java.vm.specification.version" value="22"/>
    <property name="sun.java.launcher" value="SUN_STANDARD"/>
    <property name="user.country" value="US"/>
    <property name="sun.boot.library.path" value="C:\Program Files\Java\jdk-22\bin"/>
    <property name="sun.java.command" value="C:\Users\Arjun\AppData\Local\Temp\surefire4512144311439646272\surefirebooter-20250826222039787_3.jar C:\Users\Arjun\AppData\Local\Temp\surefire4512144311439646272 2025-08-26T22-20-39_291-jvmRun1 surefire-20250826222039787_1tmp surefire_0-20250826222039787_2tmp"/>
    <property name="jdk.debug" value="release"/>
    <property name="surefire.test.class.path" value="C:\Users\Arjun\Desktop\Kiran\email-processor\target\test-classes;C:\Users\Arjun\Desktop\Kiran\email-processor\target\classes;C:\Users\Arjun\.m2\repository\software\amazon\awssdk\s3\2.25.0\s3-2.25.0.jar;C:\Users\Arjun\.m2\repository\software\amazon\awssdk\aws-xml-protocol\2.25.0\aws-xml-protocol-2.25.0.jar;C:\Users\Arjun\.m2\repository\software\amazon\awssdk\aws-query-protocol\2.25.0\aws-query-protocol-2.25.0.jar;C:\Users\Arjun\.m2\repository\software\amazon\awssdk\protocol-core\2.25.0\protocol-core-2.25.0.jar;C:\Users\Arjun\.m2\repository\software\amazon\awssdk\arns\2.25.0\arns-2.25.0.jar;C:\Users\Arjun\.m2\repository\software\amazon\awssdk\profiles\2.25.0\profiles-2.25.0.jar;C:\Users\Arjun\.m2\repository\software\amazon\awssdk\crt-core\2.25.0\crt-core-2.25.0.jar;C:\Users\Arjun\.m2\repository\software\amazon\awssdk\http-auth\2.25.0\http-auth-2.25.0.jar;C:\Users\Arjun\.m2\repository\software\amazon\awssdk\identity-spi\2.25.0\identity-spi-2.25.0.jar;C:\Users\Arjun\.m2\repository\software\amazon\awssdk\http-auth-spi\2.25.0\http-auth-spi-2.25.0.jar;C:\Users\Arjun\.m2\repository\org\reactivestreams\reactive-streams\1.0.4\reactive-streams-1.0.4.jar;C:\Users\Arjun\.m2\repository\software\amazon\awssdk\http-auth-aws\2.25.0\http-auth-aws-2.25.0.jar;C:\Users\Arjun\.m2\repository\software\amazon\awssdk\checksums\2.25.0\checksums-2.25.0.jar;C:\Users\Arjun\.m2\repository\software\amazon\awssdk\checksums-spi\2.25.0\checksums-spi-2.25.0.jar;C:\Users\Arjun\.m2\repository\software\amazon\awssdk\sdk-core\2.25.0\sdk-core-2.25.0.jar;C:\Users\Arjun\.m2\repository\software\amazon\awssdk\auth\2.25.0\auth-2.25.0.jar;C:\Users\Arjun\.m2\repository\software\amazon\eventstream\eventstream\1.0.1\eventstream-1.0.1.jar;C:\Users\Arjun\.m2\repository\software\amazon\awssdk\http-client-spi\2.25.0\http-client-spi-2.25.0.jar;C:\Users\Arjun\.m2\repository\software\amazon\awssdk\regions\2.25.0\regions-2.25.0.jar;C:\Users\Arjun\.m2\repository\software\amazon\awssdk\annotations\2.25.0\annotations-2.25.0.jar;C:\Users\Arjun\.m2\repository\software\amazon\awssdk\utils\2.25.0\utils-2.25.0.jar;C:\Users\Arjun\.m2\repository\software\amazon\awssdk\aws-core\2.25.0\aws-core-2.25.0.jar;C:\Users\Arjun\.m2\repository\software\amazon\awssdk\metrics-spi\2.25.0\metrics-spi-2.25.0.jar;C:\Users\Arjun\.m2\repository\software\amazon\awssdk\json-utils\2.25.0\json-utils-2.25.0.jar;C:\Users\Arjun\.m2\repository\software\amazon\awssdk\third-party-jackson-core\2.25.0\third-party-jackson-core-2.25.0.jar;C:\Users\Arjun\.m2\repository\software\amazon\awssdk\endpoints-spi\2.25.0\endpoints-spi-2.25.0.jar;C:\Users\Arjun\.m2\repository\software\amazon\awssdk\apache-client\2.25.0\apache-client-2.25.0.jar;C:\Users\Arjun\.m2\repository\org\apache\httpcomponents\httpclient\4.5.13\httpclient-4.5.13.jar;C:\Users\Arjun\.m2\repository\commons-logging\commons-logging\1.2\commons-logging-1.2.jar;C:\Users\Arjun\.m2\repository\org\apache\httpcomponents\httpcore\4.4.13\httpcore-4.4.13.jar;C:\Users\Arjun\.m2\repository\commons-codec\commons-codec\1.15\commons-codec-1.15.jar;C:\Users\Arjun\.m2\repository\software\amazon\awssdk\netty-nio-client\2.25.0\netty-nio-client-2.25.0.jar;C:\Users\Arjun\.m2\repository\io\netty\netty-codec-http\4.1.107.Final\netty-codec-http-4.1.107.Final.jar;C:\Users\Arjun\.m2\repository\io\netty\netty-codec-http2\4.1.107.Final\netty-codec-http2-4.1.107.Final.jar;C:\Users\Arjun\.m2\repository\io\netty\netty-codec\4.1.107.Final\netty-codec-4.1.107.Final.jar;C:\Users\Arjun\.m2\repository\io\netty\netty-transport\4.1.107.Final\netty-transport-4.1.107.Final.jar;C:\Users\Arjun\.m2\repository\io\netty\netty-common\4.1.107.Final\netty-common-4.1.107.Final.jar;C:\Users\Arjun\.m2\repository\io\netty\netty-buffer\4.1.107.Final\netty-buffer-4.1.107.Final.jar;C:\Users\Arjun\.m2\repository\io\netty\netty-handler\4.1.107.Final\netty-handler-4.1.107.Final.jar;C:\Users\Arjun\.m2\repository\io\netty\netty-transport-native-unix-common\4.1.107.Final\netty-transport-native-unix-common-4.1.107.Final.jar;C:\Users\Arjun\.m2\repository\io\netty\netty-transport-classes-epoll\4.1.107.Final\netty-transport-classes-epoll-4.1.107.Final.jar;C:\Users\Arjun\.m2\repository\io\netty\netty-resolver\4.1.107.Final\netty-resolver-4.1.107.Final.jar;C:\Users\Arjun\.m2\repository\com\sun\mail\jakarta.mail\2.0.1\jakarta.mail-2.0.1.jar;C:\Users\Arjun\.m2\repository\com\sun\activation\jakarta.activation\2.0.1\jakarta.activation-2.0.1.jar;C:\Users\Arjun\.m2\repository\org\apache\httpcomponents\client5\httpclient5\5.3.1\httpclient5-5.3.1.jar;C:\Users\Arjun\.m2\repository\org\apache\httpcomponents\core5\httpcore5\5.2.4\httpcore5-5.2.4.jar;C:\Users\Arjun\.m2\repository\org\apache\httpcomponents\core5\httpcore5-h2\5.2.4\httpcore5-h2-5.2.4.jar;C:\Users\Arjun\.m2\repository\com\fasterxml\jackson\core\jackson-databind\2.16.1\jackson-databind-2.16.1.jar;C:\Users\Arjun\.m2\repository\com\fasterxml\jackson\core\jackson-annotations\2.16.1\jackson-annotations-2.16.1.jar;C:\Users\Arjun\.m2\repository\com\fasterxml\jackson\core\jackson-core\2.16.1\jackson-core-2.16.1.jar;C:\Users\Arjun\.m2\repository\org\slf4j\slf4j-api\2.0.12\slf4j-api-2.0.12.jar;C:\Users\Arjun\.m2\repository\ch\qos\logback\logback-classic\1.4.14\logback-classic-1.4.14.jar;C:\Users\Arjun\.m2\repository\ch\qos\logback\logback-core\1.4.14\logback-core-1.4.14.jar;C:\Users\Arjun\.m2\repository\org\junit\jupiter\junit-jupiter-api\5.11.0\junit-jupiter-api-5.11.0.jar;C:\Users\Arjun\.m2\repository\org\opentest4j\opentest4j\1.3.0\opentest4j-1.3.0.jar;C:\Users\Arjun\.m2\repository\org\junit\platform\junit-platform-commons\1.11.0\junit-platform-commons-1.11.0.jar;C:\Users\Arjun\.m2\repository\org\apiguardian\apiguardian-api\1.1.2\apiguardian-api-1.1.2.jar;C:\Users\Arjun\.m2\repository\org\junit\jupiter\junit-jupiter-params\5.11.0\junit-jupiter-params-5.11.0.jar;C:\Users\Arjun\.m2\repository\org\junit\jupiter\junit-jupiter-engine\5.11.0\junit-jupiter-engine-5.11.0.jar;C:\Users\Arjun\.m2\repository\org\junit\platform\junit-platform-engine\1.11.0\junit-platform-engine-1.11.0.jar;C:\Users\Arjun\.m2\repository\com\amazonaws\aws-lambda-java-core\1.2.3\aws-lambda-java-core-1.2.3.jar;C:\Users\Arjun\.m2\repository\com\amazonaws\aws-lambda-java-events\3.11.3\aws-lambda-java-events-3.11.3.jar;C:\Users\Arjun\.m2\repository\joda-time\joda-time\2.10.8\joda-time-2.10.8.jar;C:\Users\Arjun\.m2\repository\org\json\json\20240303\json-20240303.jar;"/>
    <property name="sun.cpu.endian" value="little"/>
    <property name="user.home" value="C:\Users\Arjun"/>
    <property name="user.language" value="en"/>
    <property name="java.specification.vendor" value="Oracle Corporation"/>
    <property name="java.version.date" value="2024-04-16"/>
    <property name="java.home" value="C:\Program Files\Java\jdk-22"/>
    <property name="file.separator" value="\"/>
    <property name="basedir" value="C:\Users\Arjun\Desktop\Kiran\email-processor"/>
    <property name="java.vm.compressedOopsMode" value="32-bit"/>
    <property name="line.separator" value="&#10;"/>
    <property name="java.vm.specification.vendor" value="Oracle Corporation"/>
    <property name="java.specification.name" value="Java Platform API Specification"/>
    <property name="surefire.real.class.path" value="C:\Users\Arjun\AppData\Local\Temp\surefire4512144311439646272\surefirebooter-20250826222039787_3.jar"/>
    <property name="user.script" value=""/>
    <property name="sun.management.compiler" value="HotSpot 64-Bit Tiered Compilers"/>
    <property name="java.runtime.version" value="22.0.1+8-16"/>
    <property name="user.name" value="Arjun"/>
    <property name="stdout.encoding" value="Cp1252"/>
    <property name="path.separator" value=";"/>
    <property name="os.version" value="10.0"/>
    <property name="java.runtime.name" value="Java(TM) SE Runtime Environment"/>
    <property name="file.encoding" value="UTF-8"/>
    <property name="java.vm.name" value="Java HotSpot(TM) 64-Bit Server VM"/>
    <property name="localRepository" value="C:\Users\Arjun\.m2\repository"/>
    <property name="java.vendor.url.bug" value="https://bugreport.java.com/bugreport/"/>
    <property name="java.io.tmpdir" value="C:\Users\Arjun\AppData\Local\Temp\"/>
    <property name="java.version" value="22.0.1"/>
    <property name="user.dir" value="C:\Users\Arjun\Desktop\Kiran\email-processor"/>
    <property name="os.arch" value="amd64"/>
    <property name="java.vm.specification.name" value="Java Virtual Machine Specification"/>
    <property name="sun.os.patch.level" value=""/>
    <property name="native.encoding" value="Cp1252"/>
    <property name="java.library.path" value="C:\Program Files\Java\jdk-22\bin;C:\Windows\Sun\Java\bin;C:\Windows\system32;C:\Windows;C:\Program Files\Java\jdk-22\bin;C:\Program Files\Common Files\Oracle\Java\javapath;C:\Windows\system32;C:\Windows;C:\Windows\System32\Wbem;C:\Windows\System32\WindowsPowerShell\v1.0\;C:\Windows\System32\OpenSSH\;C:\Program Files\Git\cmd;C:\Program Files\Java\jdk-22\bin;C:\Program Files\nodejs\;C:\Users\Arjun\AppData\Local\Programs\Python\Python312\Scripts;C:\Program Files\apache-maven-3.9.11\bin;C:\Program Files\Amazon\AWSCLIV2\;C:\Users\Arjun\AppData\Local\Programs\Python\Launcher\;C:\Users\Arjun\AppData\Local\Microsoft\WindowsApps;C:\Users\Arjun\AppData\Local\Programs\Microsoft VS Code\bin;C:\src\flutter\bin;C:\Program Files\Java\jdk-22\bin;C:\Users\Arjun\AppData\Local\Microsoft\WinGet\Packages\Schniz.fnm_Microsoft.Winget.Source_8wekyb3d8bbwe;C:\Users\Arjun\AppData\Roaming\npm;C:\Program Files\nodejs;C:\Users\Arjun\AppData\Local\Programs\Python\Python312\Scripts;;C:\Users\Arjun\AppData\Local\Programs\Ollama;."/>
    <property name="java.vm.info" value="mixed mode, sharing"/>
    <property name="stderr.encoding" value="Cp1252"/>
    <property name="java.vendor" value="Oracle Corporation"/>
    <property name="java.vm.version" value="22.0.1+8-16"/>
    <property name="sun.io.unicode.encoding" value="UnicodeLittle"/>
    <property name="java.class.version" value="66.0"/>
  </properties>
  <testcase name="shouldAnswerWithTrue" classname="com.kintone.email.AppTest" time="0.064"/>
</testsuite>